<?xml version="1.0" encoding="UTF-8"?>
<!-- Generated by org.testng.reporters.JUnitXMLReporter -->
<testsuite hostname="LAPTOP-AKA5S5IT" ignored="1" name="Test" tests="5" failures="0" timestamp="07 Jul 2018 23:05:49 GMT" time="20.188" errors="0">
  <testcase name="testClickAndVerifyAboutUsPage" time="1.355" classname="com.t3resources.testNGCases.testNGRegression"/>
  <testcase name="testClickAndVerifyJavaPage" time="1.308" classname="com.t3resources.testNGCases.testNGRegression"/>
  <testcase name="testClickTutionMenuPage" time="1.68" classname="com.t3resources.testNGCases.testNGRegression"/>
  <testcase name="testClickTutionEligibilityLink" time="0.101" classname="com.t3resources.testNGCases.testNGRegression"/>
  <testcase name="testEligibilityPageVerifyClose" time="8.006" classname="com.t3resources.testNGCases.testNGRegression"/>
  <testcase name="verifyT3HomePageFooterSection" time="0.0" classname="com.t3resources.testNGCases.testNGRegression">
    <ignored/>
  </testcase> <!-- verifyT3HomePageFooterSection -->
</testsuite> <!-- Test -->
