<?xml version="1.0" encoding="UTF-8"?>
<testng-results skipped="0" failed="0" ignored="1" total="6" passed="5">
  <reporter-output>
  </reporter-output>
  <suite name="Suite" duration-ms="20188" started-at="2018-07-07T23:05:29Z" finished-at="2018-07-07T23:05:49Z">
    <groups>
    </groups>
    <test name="Test" duration-ms="20188" started-at="2018-07-07T23:05:29Z" finished-at="2018-07-07T23:05:49Z">
      <class name="com.t3resources.testNGCases.testNGRegression">
        <test-method status="PASS" signature="beforeSuite()[pri:0, instance:com.t3resources.testNGCases.testNGRegression@3532ec19]" name="beforeSuite" is-config="true" duration-ms="7" started-at="2018-07-07T23:05:29Z" finished-at="2018-07-07T23:05:29Z">
          <reporter-output>
          </reporter-output>
        </test-method> <!-- beforeSuite -->
        <test-method status="PASS" signature="launchBroswer()[pri:0, instance:com.t3resources.testNGCases.testNGRegression@3532ec19]" name="launchBroswer" is-config="true" duration-ms="3762" started-at="2018-07-07T23:05:29Z" finished-at="2018-07-07T23:05:32Z">
          <reporter-output>
          </reporter-output>
        </test-method> <!-- launchBroswer -->
        <test-method status="PASS" signature="oepnWebSiteForTesting()[pri:0, instance:com.t3resources.testNGCases.testNGRegression@3532ec19]" name="oepnWebSiteForTesting" is-config="true" duration-ms="3251" started-at="2018-07-07T23:05:32Z" finished-at="2018-07-07T23:05:36Z">
          <reporter-output>
          </reporter-output>
        </test-method> <!-- oepnWebSiteForTesting -->
        <test-method status="PASS" signature="setHomeFactoryPage()[pri:0, instance:com.t3resources.testNGCases.testNGRegression@3532ec19]" name="setHomeFactoryPage" is-config="true" duration-ms="33" started-at="2018-07-07T23:05:36Z" finished-at="2018-07-07T23:05:36Z">
          <reporter-output>
          </reporter-output>
        </test-method> <!-- setHomeFactoryPage -->
        <test-method status="PASS" signature="testClickAndVerifyAboutUsPage()[pri:1, instance:com.t3resources.testNGCases.testNGRegression@3532ec19]" name="testClickAndVerifyAboutUsPage" duration-ms="1355" started-at="2018-07-07T23:05:36Z" finished-at="2018-07-07T23:05:37Z">
          <reporter-output>
          </reporter-output>
        </test-method> <!-- testClickAndVerifyAboutUsPage -->
        <test-method status="PASS" signature="afterMethod()[pri:0, instance:com.t3resources.testNGCases.testNGRegression@3532ec19]" name="afterMethod" is-config="true" duration-ms="0" started-at="2018-07-07T23:05:37Z" finished-at="2018-07-07T23:05:37Z">
          <reporter-output>
          </reporter-output>
        </test-method> <!-- afterMethod -->
        <test-method status="PASS" signature="setHomeFactoryPage()[pri:0, instance:com.t3resources.testNGCases.testNGRegression@3532ec19]" name="setHomeFactoryPage" is-config="true" duration-ms="2" started-at="2018-07-07T23:05:37Z" finished-at="2018-07-07T23:05:37Z">
          <reporter-output>
          </reporter-output>
        </test-method> <!-- setHomeFactoryPage -->
        <test-method status="PASS" signature="testClickAndVerifyJavaPage()[pri:2, instance:com.t3resources.testNGCases.testNGRegression@3532ec19]" name="testClickAndVerifyJavaPage" duration-ms="1308" started-at="2018-07-07T23:05:37Z" finished-at="2018-07-07T23:05:38Z">
          <reporter-output>
          </reporter-output>
        </test-method> <!-- testClickAndVerifyJavaPage -->
        <test-method status="PASS" signature="setHomeFactoryPage()[pri:0, instance:com.t3resources.testNGCases.testNGRegression@3532ec19]" name="setHomeFactoryPage" is-config="true" duration-ms="1" started-at="2018-07-07T23:05:38Z" finished-at="2018-07-07T23:05:38Z">
          <reporter-output>
          </reporter-output>
        </test-method> <!-- setHomeFactoryPage -->
        <test-method status="PASS" signature="afterMethod()[pri:0, instance:com.t3resources.testNGCases.testNGRegression@3532ec19]" name="afterMethod" is-config="true" duration-ms="0" started-at="2018-07-07T23:05:38Z" finished-at="2018-07-07T23:05:38Z">
          <reporter-output>
          </reporter-output>
        </test-method> <!-- afterMethod -->
        <test-method status="PASS" signature="testClickTutionMenuPage()[pri:3, instance:com.t3resources.testNGCases.testNGRegression@3532ec19]" name="testClickTutionMenuPage" duration-ms="1680" started-at="2018-07-07T23:05:38Z" finished-at="2018-07-07T23:05:40Z">
          <reporter-output>
          </reporter-output>
        </test-method> <!-- testClickTutionMenuPage -->
        <test-method status="PASS" signature="afterMethod()[pri:0, instance:com.t3resources.testNGCases.testNGRegression@3532ec19]" name="afterMethod" is-config="true" duration-ms="0" started-at="2018-07-07T23:05:40Z" finished-at="2018-07-07T23:05:40Z">
          <reporter-output>
          </reporter-output>
        </test-method> <!-- afterMethod -->
        <test-method status="PASS" signature="setHomeFactoryPage()[pri:0, instance:com.t3resources.testNGCases.testNGRegression@3532ec19]" name="setHomeFactoryPage" is-config="true" duration-ms="1" started-at="2018-07-07T23:05:40Z" finished-at="2018-07-07T23:05:40Z">
          <reporter-output>
          </reporter-output>
        </test-method> <!-- setHomeFactoryPage -->
        <test-method status="PASS" signature="testClickTutionEligibilityLink()[pri:4, instance:com.t3resources.testNGCases.testNGRegression@3532ec19]" name="testClickTutionEligibilityLink" duration-ms="101" started-at="2018-07-07T23:05:40Z" finished-at="2018-07-07T23:05:40Z">
          <reporter-output>
          </reporter-output>
        </test-method> <!-- testClickTutionEligibilityLink -->
        <test-method status="PASS" signature="afterMethod()[pri:0, instance:com.t3resources.testNGCases.testNGRegression@3532ec19]" name="afterMethod" is-config="true" duration-ms="0" started-at="2018-07-07T23:05:40Z" finished-at="2018-07-07T23:05:40Z">
          <reporter-output>
          </reporter-output>
        </test-method> <!-- afterMethod -->
        <test-method status="PASS" signature="setHomeFactoryPage()[pri:0, instance:com.t3resources.testNGCases.testNGRegression@3532ec19]" name="setHomeFactoryPage" is-config="true" duration-ms="0" started-at="2018-07-07T23:05:40Z" finished-at="2018-07-07T23:05:40Z">
          <reporter-output>
          </reporter-output>
        </test-method> <!-- setHomeFactoryPage -->
        <test-method status="PASS" signature="testEligibilityPageVerifyClose()[pri:5, instance:com.t3resources.testNGCases.testNGRegression@3532ec19]" name="testEligibilityPageVerifyClose" duration-ms="8006" started-at="2018-07-07T23:05:40Z" finished-at="2018-07-07T23:05:48Z">
          <reporter-output>
          </reporter-output>
        </test-method> <!-- testEligibilityPageVerifyClose -->
        <test-method status="PASS" signature="afterMethod()[pri:0, instance:com.t3resources.testNGCases.testNGRegression@3532ec19]" name="afterMethod" is-config="true" duration-ms="1" started-at="2018-07-07T23:05:48Z" finished-at="2018-07-07T23:05:48Z">
          <reporter-output>
          </reporter-output>
        </test-method> <!-- afterMethod -->
        <test-method status="PASS" signature="closeBrowser()[pri:0, instance:com.t3resources.testNGCases.testNGRegression@3532ec19]" name="closeBrowser" is-config="true" duration-ms="20" started-at="2018-07-07T23:05:48Z" finished-at="2018-07-07T23:05:48Z">
          <reporter-output>
          </reporter-output>
        </test-method> <!-- closeBrowser -->
        <test-method status="PASS" signature="quitBrowser()[pri:0, instance:com.t3resources.testNGCases.testNGRegression@3532ec19]" name="quitBrowser" is-config="true" duration-ms="628" started-at="2018-07-07T23:05:48Z" finished-at="2018-07-07T23:05:49Z">
          <reporter-output>
          </reporter-output>
        </test-method> <!-- quitBrowser -->
        <test-method status="PASS" signature="afterSuite()[pri:0, instance:com.t3resources.testNGCases.testNGRegression@3532ec19]" name="afterSuite" is-config="true" duration-ms="0" started-at="2018-07-07T23:05:49Z" finished-at="2018-07-07T23:05:49Z">
          <reporter-output>
          </reporter-output>
        </test-method> <!-- afterSuite -->
      </class> <!-- com.t3resources.testNGCases.testNGRegression -->
    </test> <!-- Test -->
  </suite> <!-- Suite -->
</testng-results>
